"../../Plugins/2D/Paper2D/Content/PlaceholderTextures/DummySpriteTexture.uasset" 0
"../../Plugins/2D/Paper2D/Content/DefaultSpriteMaterial.uasset" 1
"../../Plugins/2D/Paper2D/Content/OpaqueUnlitSpriteMaterial.uasset" 2
"../../../../../Users/akira/Documents/Unreal Projects/testProjects/RunNGunTest/Content/2dSideScroller/Textures/2DBackground.uasset" 3
"../../../../../Users/akira/Documents/Unreal Projects/testProjects/RunNGunTest/Content/2DSideScroller/Sprites/Background_Sprite.uasset" 4
"../../../../../Users/akira/Documents/Unreal Projects/testProjects/RunNGunTest/Content/2dSideScroller/Textures/2DBackgroundBlockAtlas.uasset" 5
"../../../../../Users/akira/Documents/Unreal Projects/testProjects/RunNGunTest/Content/2DSideScroller/Sprites/Ledge.uasset" 6
"../../../../../Users/akira/Documents/Unreal Projects/testProjects/RunNGunTest/Content/2dSideScroller/Textures/2DBackgroundTile.uasset" 7
"../../../../../Users/akira/Documents/Unreal Projects/testProjects/RunNGunTest/Content/2DSideScroller/Materials/PrototypingSpriteMaterial.uasset" 8
"../../../../../Users/akira/Documents/Unreal Projects/testProjects/RunNGunTest/Content/2DSideScroller/Sprites/PrototypingSprite.uasset" 9
"../../../../../Users/akira/Documents/Unreal Projects/testProjects/RunNGunTest/Content/2DSideScroller/Textures/2DCharacter_IdleAnimAtlas.uasset" 10
"../../../../../Users/akira/Documents/Unreal Projects/testProjects/RunNGunTest/Content/2DSideScroller/Textures/2DCharacter_RunAnimAtlas.uasset" 11
"../../Plugins/2D/Paper2D/Content/TranslucentUnlitSpriteMaterial.uasset" 12
"../../../../../Users/akira/Documents/Unreal Projects/testProjects/RunNGunTest/Content/Game/Sprites/Ken/duck/duck_Sprite_0.uasset" 13
"../../../../../Users/akira/Documents/Unreal Projects/testProjects/RunNGunTest/Content/Game/Sprites/Ken/duck/duck_Sprite_1.uasset" 14
"../../../../../Users/akira/Documents/Unreal Projects/testProjects/RunNGunTest/Content/Game/Animations/Ken/duckForward.uasset" 15
"../../../../../Users/akira/Documents/Unreal Projects/testProjects/RunNGunTest/Content/Game/Sprites/Ken/jump/jump_Sprite_7.uasset" 16
"../../../../../Users/akira/Documents/Unreal Projects/testProjects/RunNGunTest/Content/Game/Animations/Ken/landed.uasset" 17
"../../../../../Users/akira/Documents/Unreal Projects/testProjects/RunNGunTest/Content/Game/Sprites/Ken/salute/salute_Sprite_0.uasset" 18
"../../../../../Users/akira/Documents/Unreal Projects/testProjects/RunNGunTest/Content/Game/Sprites/Ken/salute/salute_Sprite_1.uasset" 19
"../../../../../Users/akira/Documents/Unreal Projects/testProjects/RunNGunTest/Content/Game/Sprites/Ken/salute/salute_Sprite_2.uasset" 20
"../../../../../Users/akira/Documents/Unreal Projects/testProjects/RunNGunTest/Content/Game/Sprites/Ken/salute/salute_Sprite_3.uasset" 21
"../../../../../Users/akira/Documents/Unreal Projects/testProjects/RunNGunTest/Content/Game/Sprites/Ken/salute/salute_Sprite_4.uasset" 22
"../../../../../Users/akira/Documents/Unreal Projects/testProjects/RunNGunTest/Content/Game/Sprites/Ken/salute/salute_Sprite_5.uasset" 23
"../../../../../Users/akira/Documents/Unreal Projects/testProjects/RunNGunTest/Content/Game/Animations/Ken/salute.uasset" 24
"../../../../../Users/akira/Documents/Unreal Projects/testProjects/RunNGunTest/Content/Game/Sprites/Ryu/idle/ryu_idle_Sprite_0.uasset" 25
"../../../../../Users/akira/Documents/Unreal Projects/testProjects/RunNGunTest/Content/Game/Sprites/Ryu/idle/ryu_idle_Sprite_1.uasset" 26
"../../../../../Users/akira/Documents/Unreal Projects/testProjects/RunNGunTest/Content/Game/Sprites/Ryu/idle/ryu_idle_Sprite_2.uasset" 27
"../../../../../Users/akira/Documents/Unreal Projects/testProjects/RunNGunTest/Content/Game/Sprites/Ryu/idle/ryu_idle_Sprite_3.uasset" 28
"../../../../../Users/akira/Documents/Unreal Projects/testProjects/RunNGunTest/Content/Game/Sprites/Ryu/idle/ryu_idle_Sprite_4.uasset" 29
"../../../../../Users/akira/Documents/Unreal Projects/testProjects/RunNGunTest/Content/Game/Sprites/Ryu/idle/ryu_idle_Sprite_5.uasset" 30
"../../../../../Users/akira/Documents/Unreal Projects/testProjects/RunNGunTest/Content/Game/Animations/Ryu/ryu_idle.uasset" 31
"../../../../../Users/akira/Documents/Unreal Projects/testProjects/RunNGunTest/Content/Game/Sprites/Ryu/walk/ryu_walk_Sprite_0.uasset" 32
"../../../../../Users/akira/Documents/Unreal Projects/testProjects/RunNGunTest/Content/Game/Sprites/Ryu/walk/ryu_walk_Sprite_1.uasset" 33
"../../../../../Users/akira/Documents/Unreal Projects/testProjects/RunNGunTest/Content/Game/Sprites/Ryu/walk/ryu_walk_Sprite_2.uasset" 34
"../../../../../Users/akira/Documents/Unreal Projects/testProjects/RunNGunTest/Content/Game/Sprites/Ryu/walk/ryu_walk_Sprite_3.uasset" 35
"../../../../../Users/akira/Documents/Unreal Projects/testProjects/RunNGunTest/Content/Game/Sprites/Ryu/walk/ryu_walk_Sprite_4.uasset" 36
"../../../../../Users/akira/Documents/Unreal Projects/testProjects/RunNGunTest/Content/Game/Sprites/Ryu/walk/ryu_walk_Sprite_5.uasset" 37
"../../../../../Users/akira/Documents/Unreal Projects/testProjects/RunNGunTest/Content/Game/Animations/Ryu/ryu_walk.uasset" 38
"../../../../../Users/akira/Documents/Unreal Projects/testProjects/RunNGunTest/Content/Game/Sprites/Ken/hadouken/hadoukenBall01_Sprite_0.uasset" 39
"../../../../../Users/akira/Documents/Unreal Projects/testProjects/RunNGunTest/Content/Game/Sprites/Ken/hadouken/hadoukenBall01_Sprite_12.uasset" 40
"../../../../../Users/akira/Documents/Unreal Projects/testProjects/RunNGunTest/Content/Game/Sprites/Ken/hadouken/hadoukenBall01_Sprite_13.uasset" 41
"../../../../../Users/akira/Documents/Unreal Projects/testProjects/RunNGunTest/Content/Game/Sprites/Ken/hadouken/hadoukenBall01_Sprite_23.uasset" 42
"../../../../../Users/akira/Documents/Unreal Projects/testProjects/RunNGunTest/Content/Game/Sprites/Ken/hadouken/hadoukenBall01_Sprite_4.uasset" 43
"../../../../../Users/akira/Documents/Unreal Projects/testProjects/RunNGunTest/Content/Game/Sprites/Ken/hadouken/hadoukenBall01_Sprite_6.uasset" 44
"../../../../../Users/akira/Documents/Unreal Projects/testProjects/RunNGunTest/Content/Game/Sprites/Ken/hadouken/hadoukenBall01_Sprite_8.uasset" 45
"../../../../../Users/akira/Documents/Unreal Projects/testProjects/RunNGunTest/Content/Game/Sprites/Ken/hadouken/hadoukenBall01_Sprite_9.uasset" 46
"../../../../../Users/akira/Documents/Unreal Projects/testProjects/RunNGunTest/Content/Game/Animations/Ken/hadoukenBall01.uasset" 47
"../../../../../Users/akira/Documents/Unreal Projects/testProjects/RunNGunTest/Content/Game/Blueprints/BP_Hadouken.uasset" 48
"../../../../../Users/akira/Documents/Unreal Projects/testProjects/RunNGunTest/Content/Game/Sprites/Ken/charginup/charginup_Sprite_0.uasset" 49
"../../../../../Users/akira/Documents/Unreal Projects/testProjects/RunNGunTest/Content/Game/Sprites/Ken/charginup/charginup_Sprite_1.uasset" 50
"../../../../../Users/akira/Documents/Unreal Projects/testProjects/RunNGunTest/Content/Game/Animations/Ken/charginup.uasset" 51
"../../../../../Users/akira/Documents/Unreal Projects/testProjects/RunNGunTest/Content/Game/Animations/Ken/duck.uasset" 52
"../../../../../Users/akira/Documents/Unreal Projects/testProjects/RunNGunTest/Content/Game/Sprites/Ken/hadouken/hadouken_Sprite_0.uasset" 53
"../../../../../Users/akira/Documents/Unreal Projects/testProjects/RunNGunTest/Content/Game/Sprites/Ken/hadouken/hadouken_Sprite_1.uasset" 54
"../../../../../Users/akira/Documents/Unreal Projects/testProjects/RunNGunTest/Content/Game/Sprites/Ken/hadouken/hadouken_Sprite_10.uasset" 55
"../../../../../Users/akira/Documents/Unreal Projects/testProjects/RunNGunTest/Content/Game/Sprites/Ken/hadouken/hadouken_Sprite_2.uasset" 56
"../../../../../Users/akira/Documents/Unreal Projects/testProjects/RunNGunTest/Content/Game/Sprites/Ken/hadouken/hadouken_Sprite_4.uasset" 57
"../../../../../Users/akira/Documents/Unreal Projects/testProjects/RunNGunTest/Content/Game/Sprites/Ken/hadouken/hadouken_Sprite_6.uasset" 58
"../../../../../Users/akira/Documents/Unreal Projects/testProjects/RunNGunTest/Content/Game/Sprites/Ken/hadouken/hadouken_Sprite_7.uasset" 59
"../../../../../Users/akira/Documents/Unreal Projects/testProjects/RunNGunTest/Content/Game/Sprites/Ken/hadouken/hadouken_Sprite_8.uasset" 60
"../../../../../Users/akira/Documents/Unreal Projects/testProjects/RunNGunTest/Content/Game/Sprites/Ken/hadouken/hadouken_Sprite_9.uasset" 61
"../../../../../Users/akira/Documents/Unreal Projects/testProjects/RunNGunTest/Content/Game/Animations/Ken/hadouken.uasset" 62
"../../../../../Users/akira/Documents/Unreal Projects/testProjects/RunNGunTest/Content/Game/Sprites/Ken/idle/idle_Sprite_0.uasset" 63
"../../../../../Users/akira/Documents/Unreal Projects/testProjects/RunNGunTest/Content/Game/Sprites/Ken/idle/idle_Sprite_1.uasset" 64
"../../../../../Users/akira/Documents/Unreal Projects/testProjects/RunNGunTest/Content/Game/Sprites/Ken/idle/idle_Sprite_2.uasset" 65
"../../../../../Users/akira/Documents/Unreal Projects/testProjects/RunNGunTest/Content/Game/Sprites/Ken/idle/idle_Sprite_3.uasset" 66
"../../../../../Users/akira/Documents/Unreal Projects/testProjects/RunNGunTest/Content/Game/Sprites/Ken/idle/idle_Sprite_4.uasset" 67
"../../../../../Users/akira/Documents/Unreal Projects/testProjects/RunNGunTest/Content/Game/Sprites/Ken/idle/idle_Sprite_5.uasset" 68
"../../../../../Users/akira/Documents/Unreal Projects/testProjects/RunNGunTest/Content/Game/Animations/Ken/idle.uasset" 69
"../../../../../Users/akira/Documents/Unreal Projects/testProjects/RunNGunTest/Content/Game/Sprites/Ken/jump/jump_Sprite_0.uasset" 70
"../../../../../Users/akira/Documents/Unreal Projects/testProjects/RunNGunTest/Content/Game/Sprites/Ken/jump/jump_Sprite_1.uasset" 71
"../../../../../Users/akira/Documents/Unreal Projects/testProjects/RunNGunTest/Content/Game/Sprites/Ken/jump/jump_Sprite_2.uasset" 72
"../../../../../Users/akira/Documents/Unreal Projects/testProjects/RunNGunTest/Content/Game/Sprites/Ken/jump/jump_Sprite_3.uasset" 73
"../../../../../Users/akira/Documents/Unreal Projects/testProjects/RunNGunTest/Content/Game/Sprites/Ken/jump/jump_Sprite_4.uasset" 74
"../../../../../Users/akira/Documents/Unreal Projects/testProjects/RunNGunTest/Content/Game/Sprites/Ken/jump/jump_Sprite_5.uasset" 75
"../../../../../Users/akira/Documents/Unreal Projects/testProjects/RunNGunTest/Content/Game/Sprites/Ken/jump/jump_Sprite_6.uasset" 76
"../../../../../Users/akira/Documents/Unreal Projects/testProjects/RunNGunTest/Content/Game/Animations/Ken/jump.uasset" 77
"../../../../../Users/akira/Documents/Unreal Projects/testProjects/RunNGunTest/Content/Game/Sprites/Ken/jumpForward/jumpForward_Sprite_0.uasset" 78
"../../../../../Users/akira/Documents/Unreal Projects/testProjects/RunNGunTest/Content/Game/Sprites/Ken/jumpForward/jumpForward_Sprite_1.uasset" 79
"../../../../../Users/akira/Documents/Unreal Projects/testProjects/RunNGunTest/Content/Game/Sprites/Ken/jumpForward/jumpForward_Sprite_2.uasset" 80
"../../../../../Users/akira/Documents/Unreal Projects/testProjects/RunNGunTest/Content/Game/Sprites/Ken/jumpForward/jumpForward_Sprite_3.uasset" 81
"../../../../../Users/akira/Documents/Unreal Projects/testProjects/RunNGunTest/Content/Game/Sprites/Ken/jumpForward/jumpForward_Sprite_4.uasset" 82
"../../../../../Users/akira/Documents/Unreal Projects/testProjects/RunNGunTest/Content/Game/Sprites/Ken/jumpForward/jumpForward_Sprite_5.uasset" 83
"../../../../../Users/akira/Documents/Unreal Projects/testProjects/RunNGunTest/Content/Game/Sprites/Ken/jumpForward/jumpForward_Sprite_6.uasset" 84
"../../../../../Users/akira/Documents/Unreal Projects/testProjects/RunNGunTest/Content/Game/Sprites/Ken/jumpForward/jumpForward_Sprite_7.uasset" 85
"../../../../../Users/akira/Documents/Unreal Projects/testProjects/RunNGunTest/Content/Game/Sprites/Ken/jumpForward/jumpForward_Sprite_8.uasset" 86
"../../../../../Users/akira/Documents/Unreal Projects/testProjects/RunNGunTest/Content/Game/Animations/Ken/jumpForward.uasset" 87
"../../../../../Users/akira/Documents/Unreal Projects/testProjects/RunNGunTest/Content/Game/Sprites/Ken/jumpKick/jumpKickLoop_Sprite_0.uasset" 88
"../../../../../Users/akira/Documents/Unreal Projects/testProjects/RunNGunTest/Content/Game/Sprites/Ken/jumpKick/jumpKickLoop_Sprite_1.uasset" 89
"../../../../../Users/akira/Documents/Unreal Projects/testProjects/RunNGunTest/Content/Game/Animations/Ken/jumpKickLoop.uasset" 90
"../../../../../Users/akira/Documents/Unreal Projects/testProjects/RunNGunTest/Content/Game/Sprites/Ken/src/noStamina.uasset" 91
"../../../../../Users/akira/Documents/Unreal Projects/testProjects/RunNGunTest/Content/Game/Sprites/Ken/noStamina/noStamina_Sprite_0.uasset" 92
"../../../../../Users/akira/Documents/Unreal Projects/testProjects/RunNGunTest/Content/Game/Sprites/Ken/noStamina/noStamina_Sprite_1.uasset" 93
"../../../../../Users/akira/Documents/Unreal Projects/testProjects/RunNGunTest/Content/Game/Sprites/Ken/noStamina/noStamina_Sprite_2.uasset" 94
"../../../../../Users/akira/Documents/Unreal Projects/testProjects/RunNGunTest/Content/Game/Animations/Ken/noStamina.uasset" 95
"../../../../../Users/akira/Documents/Unreal Projects/testProjects/RunNGunTest/Content/Game/Sprites/Ken/src/noStaminaAir.uasset" 96
"../../../../../Users/akira/Documents/Unreal Projects/testProjects/RunNGunTest/Content/Game/Sprites/Ken/noStaminaAir/noStaminaAir_Sprite_0.uasset" 97
"../../../../../Users/akira/Documents/Unreal Projects/testProjects/RunNGunTest/Content/Game/Sprites/Ken/noStaminaAir/noStaminaAir_Sprite_1.uasset" 98
"../../../../../Users/akira/Documents/Unreal Projects/testProjects/RunNGunTest/Content/Game/Sprites/Ken/noStaminaAir/noStaminaAir_Sprite_2.uasset" 99
"../../../../../Users/akira/Documents/Unreal Projects/testProjects/RunNGunTest/Content/Game/Sprites/Ken/noStaminaAir/noStaminaAir_Sprite_3.uasset" 100
"../../../../../Users/akira/Documents/Unreal Projects/testProjects/RunNGunTest/Content/Game/Sprites/Ken/noStaminaAir/noStaminaAir_Sprite_4.uasset" 101
"../../../../../Users/akira/Documents/Unreal Projects/testProjects/RunNGunTest/Content/Game/Sprites/Ken/noStaminaAir/noStaminaAir_Sprite_5.uasset" 102
"../../../../../Users/akira/Documents/Unreal Projects/testProjects/RunNGunTest/Content/Game/Animations/Ken/noStaminaAir.uasset" 103
"../../../../../Users/akira/Documents/Unreal Projects/testProjects/RunNGunTest/Content/Game/Sprites/Ken/shoryuken/shoryuken_Sprite_0.uasset" 104
"../../../../../Users/akira/Documents/Unreal Projects/testProjects/RunNGunTest/Content/Game/Sprites/Ken/shoryuken/shoryuken_Sprite_1.uasset" 105
"../../../../../Users/akira/Documents/Unreal Projects/testProjects/RunNGunTest/Content/Game/Sprites/Ken/shoryuken/shoryuken_Sprite_2.uasset" 106
"../../../../../Users/akira/Documents/Unreal Projects/testProjects/RunNGunTest/Content/Game/Sprites/Ken/shoryuken/shoryuken_Sprite_3.uasset" 107
"../../../../../Users/akira/Documents/Unreal Projects/testProjects/RunNGunTest/Content/Game/Sprites/Ken/shoryuken/shoryuken_Sprite_4.uasset" 108
"../../../../../Users/akira/Documents/Unreal Projects/testProjects/RunNGunTest/Content/Game/Sprites/Ken/shoryuken/shoryuken_Sprite_5.uasset" 109
"../../../../../Users/akira/Documents/Unreal Projects/testProjects/RunNGunTest/Content/Game/Sprites/Ken/shoryuken/shoryuken_Sprite_6.uasset" 110
"../../../../../Users/akira/Documents/Unreal Projects/testProjects/RunNGunTest/Content/Game/Sprites/Ken/shoryuken/shoryuken_Sprite_7.uasset" 111
"../../../../../Users/akira/Documents/Unreal Projects/testProjects/RunNGunTest/Content/Game/Sprites/Ken/shoryuken/shoryuken_Sprite_8.uasset" 112
"../../../../../Users/akira/Documents/Unreal Projects/testProjects/RunNGunTest/Content/Game/Animations/Ken/shoryuken.uasset" 113
"../../../../../Users/akira/Documents/Unreal Projects/testProjects/RunNGunTest/Content/Game/Sprites/Ken/kick01/standKick01_Sprite_0.uasset" 114
"../../../../../Users/akira/Documents/Unreal Projects/testProjects/RunNGunTest/Content/Game/Sprites/Ken/kick01/standKick01_Sprite_1.uasset" 115
"../../../../../Users/akira/Documents/Unreal Projects/testProjects/RunNGunTest/Content/Game/Sprites/Ken/kick01/standKick01_Sprite_10.uasset" 116
"../../../../../Users/akira/Documents/Unreal Projects/testProjects/RunNGunTest/Content/Game/Sprites/Ken/kick01/standKick01_Sprite_11.uasset" 117
"../../../../../Users/akira/Documents/Unreal Projects/testProjects/RunNGunTest/Content/Game/Sprites/Ken/kick01/standKick01_Sprite_12.uasset" 118
"../../../../../Users/akira/Documents/Unreal Projects/testProjects/RunNGunTest/Content/Game/Sprites/Ken/kick01/standKick01_Sprite_13.uasset" 119
"../../../../../Users/akira/Documents/Unreal Projects/testProjects/RunNGunTest/Content/Game/Sprites/Ken/kick01/standKick01_Sprite_2.uasset" 120
"../../../../../Users/akira/Documents/Unreal Projects/testProjects/RunNGunTest/Content/Game/Sprites/Ken/kick01/standKick01_Sprite_3.uasset" 121
"../../../../../Users/akira/Documents/Unreal Projects/testProjects/RunNGunTest/Content/Game/Sprites/Ken/kick01/standKick01_Sprite_5.uasset" 122
"../../../../../Users/akira/Documents/Unreal Projects/testProjects/RunNGunTest/Content/Game/Sprites/Ken/kick01/standKick01_Sprite_6.uasset" 123
"../../../../../Users/akira/Documents/Unreal Projects/testProjects/RunNGunTest/Content/Game/Sprites/Ken/kick01/standKick01_Sprite_7.uasset" 124
"../../../../../Users/akira/Documents/Unreal Projects/testProjects/RunNGunTest/Content/Game/Sprites/Ken/kick01/standKick01_Sprite_8.uasset" 125
"../../../../../Users/akira/Documents/Unreal Projects/testProjects/RunNGunTest/Content/Game/Sprites/Ken/kick01/standKick01_Sprite_9.uasset" 126
"../../../../../Users/akira/Documents/Unreal Projects/testProjects/RunNGunTest/Content/Game/Animations/Ken/standKick01.uasset" 127
"../../../../../Users/akira/Documents/Unreal Projects/testProjects/RunNGunTest/Content/Game/Sprites/Ken/kick02/standKick02_Sprite_0.uasset" 128
"../../../../../Users/akira/Documents/Unreal Projects/testProjects/RunNGunTest/Content/Game/Sprites/Ken/kick02/standKick02_Sprite_1.uasset" 129
"../../../../../Users/akira/Documents/Unreal Projects/testProjects/RunNGunTest/Content/Game/Sprites/Ken/kick02/standKick02_Sprite_10.uasset" 130
"../../../../../Users/akira/Documents/Unreal Projects/testProjects/RunNGunTest/Content/Game/Sprites/Ken/kick02/standKick02_Sprite_11.uasset" 131
"../../../../../Users/akira/Documents/Unreal Projects/testProjects/RunNGunTest/Content/Game/Sprites/Ken/kick02/standKick02_Sprite_12.uasset" 132
"../../../../../Users/akira/Documents/Unreal Projects/testProjects/RunNGunTest/Content/Game/Sprites/Ken/kick02/standKick02_Sprite_13.uasset" 133
"../../../../../Users/akira/Documents/Unreal Projects/testProjects/RunNGunTest/Content/Game/Sprites/Ken/kick02/standKick02_Sprite_3.uasset" 134
"../../../../../Users/akira/Documents/Unreal Projects/testProjects/RunNGunTest/Content/Game/Sprites/Ken/kick02/standKick02_Sprite_4.uasset" 135
"../../../../../Users/akira/Documents/Unreal Projects/testProjects/RunNGunTest/Content/Game/Sprites/Ken/kick02/standKick02_Sprite_5.uasset" 136
"../../../../../Users/akira/Documents/Unreal Projects/testProjects/RunNGunTest/Content/Game/Sprites/Ken/kick02/standKick02_Sprite_6.uasset" 137
"../../../../../Users/akira/Documents/Unreal Projects/testProjects/RunNGunTest/Content/Game/Sprites/Ken/kick02/standKick02_Sprite_7.uasset" 138
"../../../../../Users/akira/Documents/Unreal Projects/testProjects/RunNGunTest/Content/Game/Sprites/Ken/kick02/standKick02_Sprite_9.uasset" 139
"../../../../../Users/akira/Documents/Unreal Projects/testProjects/RunNGunTest/Content/Game/Animations/Ken/standKick02.uasset" 140
"../../../../../Users/akira/Documents/Unreal Projects/testProjects/RunNGunTest/Content/Game/Sprites/Ken/punch01/standPunch01_Sprite_0.uasset" 141
"../../../../../Users/akira/Documents/Unreal Projects/testProjects/RunNGunTest/Content/Game/Sprites/Ken/punch01/standPunch01_Sprite_2.uasset" 142
"../../../../../Users/akira/Documents/Unreal Projects/testProjects/RunNGunTest/Content/Game/Sprites/Ken/punch01/standPunch01_Sprite_3.uasset" 143
"../../../../../Users/akira/Documents/Unreal Projects/testProjects/RunNGunTest/Content/Game/Sprites/Ken/punch01/standPunch01_Sprite_5.uasset" 144
"../../../../../Users/akira/Documents/Unreal Projects/testProjects/RunNGunTest/Content/Game/Sprites/Ken/punch01/standPunch01_Sprite_6.uasset" 145
"../../../../../Users/akira/Documents/Unreal Projects/testProjects/RunNGunTest/Content/Game/Sprites/Ken/punch01/standPunch01_Sprite_7.uasset" 146
"../../../../../Users/akira/Documents/Unreal Projects/testProjects/RunNGunTest/Content/Game/Animations/Ken/standPunch01.uasset" 147
"../../../../../Users/akira/Documents/Unreal Projects/testProjects/RunNGunTest/Content/Game/Sprites/Ken/punch02/standPunch02_Sprite_0.uasset" 148
"../../../../../Users/akira/Documents/Unreal Projects/testProjects/RunNGunTest/Content/Game/Sprites/Ken/punch02/standPunch02_Sprite_1.uasset" 149
"../../../../../Users/akira/Documents/Unreal Projects/testProjects/RunNGunTest/Content/Game/Sprites/Ken/punch02/standPunch02_Sprite_2.uasset" 150
"../../../../../Users/akira/Documents/Unreal Projects/testProjects/RunNGunTest/Content/Game/Animations/Ken/standPunch02.uasset" 151
"../../../../../Users/akira/Documents/Unreal Projects/testProjects/RunNGunTest/Content/Game/Sprites/Ken/punch03/standPunch03_Sprite_0.uasset" 152
"../../../../../Users/akira/Documents/Unreal Projects/testProjects/RunNGunTest/Content/Game/Sprites/Ken/punch03/standPunch03_Sprite_1.uasset" 153
"../../../../../Users/akira/Documents/Unreal Projects/testProjects/RunNGunTest/Content/Game/Sprites/Ken/punch03/standPunch03_Sprite_10.uasset" 154
"../../../../../Users/akira/Documents/Unreal Projects/testProjects/RunNGunTest/Content/Game/Sprites/Ken/punch03/standPunch03_Sprite_11.uasset" 155
"../../../../../Users/akira/Documents/Unreal Projects/testProjects/RunNGunTest/Content/Game/Sprites/Ken/punch03/standPunch03_Sprite_12.uasset" 156
"../../../../../Users/akira/Documents/Unreal Projects/testProjects/RunNGunTest/Content/Game/Sprites/Ken/punch03/standPunch03_Sprite_3.uasset" 157
"../../../../../Users/akira/Documents/Unreal Projects/testProjects/RunNGunTest/Content/Game/Sprites/Ken/punch03/standPunch03_Sprite_5.uasset" 158
"../../../../../Users/akira/Documents/Unreal Projects/testProjects/RunNGunTest/Content/Game/Sprites/Ken/punch03/standPunch03_Sprite_6.uasset" 159
"../../../../../Users/akira/Documents/Unreal Projects/testProjects/RunNGunTest/Content/Game/Sprites/Ken/punch03/standPunch03_Sprite_7.uasset" 160
"../../../../../Users/akira/Documents/Unreal Projects/testProjects/RunNGunTest/Content/Game/Sprites/Ken/punch03/standPunch03_Sprite_8.uasset" 161
"../../../../../Users/akira/Documents/Unreal Projects/testProjects/RunNGunTest/Content/Game/Sprites/Ken/punch03/standPunch03_Sprite_9.uasset" 162
"../../../../../Users/akira/Documents/Unreal Projects/testProjects/RunNGunTest/Content/Game/Animations/Ken/standPunch03.uasset" 163
"../../../../../Users/akira/Documents/Unreal Projects/testProjects/RunNGunTest/Content/Game/Sprites/Ken/tatsumaki/tatsumaki_Sprite_0.uasset" 164
"../../../../../Users/akira/Documents/Unreal Projects/testProjects/RunNGunTest/Content/Game/Sprites/Ken/tatsumaki/tatsumaki_Sprite_1.uasset" 165
"../../../../../Users/akira/Documents/Unreal Projects/testProjects/RunNGunTest/Content/Game/Sprites/Ken/tatsumaki/tatsumaki_Sprite_10.uasset" 166
"../../../../../Users/akira/Documents/Unreal Projects/testProjects/RunNGunTest/Content/Game/Sprites/Ken/tatsumaki/tatsumaki_Sprite_11.uasset" 167
"../../../../../Users/akira/Documents/Unreal Projects/testProjects/RunNGunTest/Content/Game/Sprites/Ken/tatsumaki/tatsumaki_Sprite_12.uasset" 168
"../../../../../Users/akira/Documents/Unreal Projects/testProjects/RunNGunTest/Content/Game/Sprites/Ken/tatsumaki/tatsumaki_Sprite_13.uasset" 169
"../../../../../Users/akira/Documents/Unreal Projects/testProjects/RunNGunTest/Content/Game/Sprites/Ken/tatsumaki/tatsumaki_Sprite_2.uasset" 170
"../../../../../Users/akira/Documents/Unreal Projects/testProjects/RunNGunTest/Content/Game/Sprites/Ken/tatsumaki/tatsumaki_Sprite_3.uasset" 171
"../../../../../Users/akira/Documents/Unreal Projects/testProjects/RunNGunTest/Content/Game/Sprites/Ken/tatsumaki/tatsumaki_Sprite_4.uasset" 172
"../../../../../Users/akira/Documents/Unreal Projects/testProjects/RunNGunTest/Content/Game/Sprites/Ken/tatsumaki/tatsumaki_Sprite_5.uasset" 173
"../../../../../Users/akira/Documents/Unreal Projects/testProjects/RunNGunTest/Content/Game/Sprites/Ken/tatsumaki/tatsumaki_Sprite_6.uasset" 174
"../../../../../Users/akira/Documents/Unreal Projects/testProjects/RunNGunTest/Content/Game/Sprites/Ken/tatsumaki/tatsumaki_Sprite_7.uasset" 175
"../../../../../Users/akira/Documents/Unreal Projects/testProjects/RunNGunTest/Content/Game/Sprites/Ken/tatsumaki/tatsumaki_Sprite_8.uasset" 176
"../../../../../Users/akira/Documents/Unreal Projects/testProjects/RunNGunTest/Content/Game/Sprites/Ken/tatsumaki/tatsumaki_Sprite_9.uasset" 177
"../../../../../Users/akira/Documents/Unreal Projects/testProjects/RunNGunTest/Content/Game/Animations/Ken/tatsumaki.uasset" 178
"../../../../../Users/akira/Documents/Unreal Projects/testProjects/RunNGunTest/Content/Game/Sprites/Ken/src/walk.uasset" 179
"../../../../../Users/akira/Documents/Unreal Projects/testProjects/RunNGunTest/Content/Game/Sprites/Ken/walk/walk_Sprite_0.uasset" 180
"../../../../../Users/akira/Documents/Unreal Projects/testProjects/RunNGunTest/Content/Game/Sprites/Ken/walk/walk_Sprite_1.uasset" 181
"../../../../../Users/akira/Documents/Unreal Projects/testProjects/RunNGunTest/Content/Game/Sprites/Ken/walk/walk_Sprite_2.uasset" 182
"../../../../../Users/akira/Documents/Unreal Projects/testProjects/RunNGunTest/Content/Game/Sprites/Ken/walk/walk_Sprite_3.uasset" 183
"../../../../../Users/akira/Documents/Unreal Projects/testProjects/RunNGunTest/Content/Game/Sprites/Ken/walk/walk_Sprite_4.uasset" 184
"../../../../../Users/akira/Documents/Unreal Projects/testProjects/RunNGunTest/Content/Game/Sprites/Ken/walk/walk_Sprite_5.uasset" 185
"../../../../../Users/akira/Documents/Unreal Projects/testProjects/RunNGunTest/Content/Game/Sprites/Ken/walk/walk_Sprite_6.uasset" 186
"../../../../../Users/akira/Documents/Unreal Projects/testProjects/RunNGunTest/Content/Game/Sprites/Ken/walk/walk_Sprite_7.uasset" 187
"../../../../../Users/akira/Documents/Unreal Projects/testProjects/RunNGunTest/Content/Game/Animations/Ken/walk.uasset" 188
"../../../../../Users/akira/Documents/Unreal Projects/testProjects/RunNGunTest/Content/Game/Sprites/Ken/portrait/portrait01_Sprite.uasset" 189
"../../../../../Users/akira/Documents/Unreal Projects/testProjects/RunNGunTest/Content/Game/Blueprints/BP_CharacterKen.uasset" 190
"../../../Engine/Content/EditorBlueprintResources/StandardMacros.uasset" 191
"../../../../../Users/akira/Documents/Unreal Projects/testProjects/RunNGunTest/Content/Game/Sprites/Arrows/10_Sprite.uasset" 192
"../../../../../Users/akira/Documents/Unreal Projects/testProjects/RunNGunTest/Content/Game/Sprites/Arrows/11_Sprite.uasset" 193
"../../../../../Users/akira/Documents/Unreal Projects/testProjects/RunNGunTest/Content/Game/Sprites/Arrows/1_Sprite.uasset" 194
"../../../../../Users/akira/Documents/Unreal Projects/testProjects/RunNGunTest/Content/Game/Sprites/Arrows/2_Sprite.uasset" 195
"../../../../../Users/akira/Documents/Unreal Projects/testProjects/RunNGunTest/Content/Game/Sprites/Arrows/3_Sprite.uasset" 196
"../../../../../Users/akira/Documents/Unreal Projects/testProjects/RunNGunTest/Content/Game/Sprites/Arrows/4_Sprite.uasset" 197
"../../../../../Users/akira/Documents/Unreal Projects/testProjects/RunNGunTest/Content/Game/Sprites/Arrows/6_Sprite.uasset" 198
"../../../../../Users/akira/Documents/Unreal Projects/testProjects/RunNGunTest/Content/Game/Sprites/Arrows/7_Sprite.uasset" 199
"../../../../../Users/akira/Documents/Unreal Projects/testProjects/RunNGunTest/Content/Game/Sprites/Arrows/8_Sprite.uasset" 200
"../../../../../Users/akira/Documents/Unreal Projects/testProjects/RunNGunTest/Content/Game/Sprites/Arrows/9_Sprite.uasset" 201
"../../../../../Users/akira/Documents/Unreal Projects/testProjects/RunNGunTest/Content/Game/HUD/PlayerHUD.uasset" 202
"../../../../../Users/akira/Documents/Unreal Projects/testProjects/RunNGunTest/Content/Game/Blueprints/GameHUD_BP.uasset" 203
"../../../../../Users/akira/Documents/Unreal Projects/testProjects/RunNGunTest/Content/Game/Blueprints/PlayerController01_BP.uasset" 204
"../../../../../Users/akira/Documents/Unreal Projects/testProjects/RunNGunTest/Content/Game/Blueprints/PlayerState01_BP.uasset" 205
"../../../../../Users/akira/Documents/Unreal Projects/testProjects/RunNGunTest/Content/Game/Blueprints/BP_RNGTGameModeBase.uasset" 206
"../../../../../Users/akira/Documents/Unreal Projects/testProjects/RunNGunTest/Content/Game/Blueprints/GameMode01_BP.uasset" 207
"../../../../../Users/akira/Documents/Unreal Projects/testProjects/RunNGunTest/Content/Game/Data/PlayerStates.uasset" 208
"../../../../../Users/akira/Documents/Unreal Projects/testProjects/RunNGunTest/Content/Game/Sprites/Arrows/1.uasset" 209
"../../../../../Users/akira/Documents/Unreal Projects/testProjects/RunNGunTest/Content/Game/Sprites/Arrows/10.uasset" 210
"../../../../../Users/akira/Documents/Unreal Projects/testProjects/RunNGunTest/Content/Game/Sprites/Arrows/11.uasset" 211
"../../../../../Users/akira/Documents/Unreal Projects/testProjects/RunNGunTest/Content/Game/Sprites/Arrows/2.uasset" 212
"../../../../../Users/akira/Documents/Unreal Projects/testProjects/RunNGunTest/Content/Game/Sprites/Arrows/3.uasset" 213
"../../../../../Users/akira/Documents/Unreal Projects/testProjects/RunNGunTest/Content/Game/Sprites/Arrows/4.uasset" 214
"../../../../../Users/akira/Documents/Unreal Projects/testProjects/RunNGunTest/Content/Game/Sprites/Arrows/6.uasset" 215
"../../../../../Users/akira/Documents/Unreal Projects/testProjects/RunNGunTest/Content/Game/Sprites/Arrows/7.uasset" 216
"../../../../../Users/akira/Documents/Unreal Projects/testProjects/RunNGunTest/Content/Game/Sprites/Arrows/8.uasset" 217
"../../../../../Users/akira/Documents/Unreal Projects/testProjects/RunNGunTest/Content/Game/Sprites/Arrows/9.uasset" 218
"../../../../../Users/akira/Documents/Unreal Projects/testProjects/RunNGunTest/Content/Game/Sprites/Ken/src/charginup.uasset" 219
"../../../../../Users/akira/Documents/Unreal Projects/testProjects/RunNGunTest/Content/Game/Sprites/Ken/src/duck.uasset" 220
"../../../../../Users/akira/Documents/Unreal Projects/testProjects/RunNGunTest/Content/Game/Sprites/Ken/src/hadouken.uasset" 221
"../../../../../Users/akira/Documents/Unreal Projects/testProjects/RunNGunTest/Content/Game/Sprites/Ken/src/hadoukenBall01.uasset" 222
"../../../../../Users/akira/Documents/Unreal Projects/testProjects/RunNGunTest/Content/Game/Sprites/Ken/src/idle.uasset" 223
"../../../../../Users/akira/Documents/Unreal Projects/testProjects/RunNGunTest/Content/Game/Sprites/Ken/src/jump.uasset" 224
"../../../../../Users/akira/Documents/Unreal Projects/testProjects/RunNGunTest/Content/Game/Sprites/Ken/src/jumpBackward.uasset" 225
"../../../../../Users/akira/Documents/Unreal Projects/testProjects/RunNGunTest/Content/Game/Sprites/Ken/src/jumpForward.uasset" 226
"../../../../../Users/akira/Documents/Unreal Projects/testProjects/RunNGunTest/Content/Game/Sprites/Ken/src/jumpKickLoop.uasset" 227
"../../../../../Users/akira/Documents/Unreal Projects/testProjects/RunNGunTest/Content/Game/Sprites/Ken/src/portrait01.uasset" 228
"../../../../../Users/akira/Documents/Unreal Projects/testProjects/RunNGunTest/Content/Game/Sprites/Ken/src/salute.uasset" 229
"../../../../../Users/akira/Documents/Unreal Projects/testProjects/RunNGunTest/Content/Game/Sprites/Ken/src/shoryuken.uasset" 230
"../../../../../Users/akira/Documents/Unreal Projects/testProjects/RunNGunTest/Content/Game/Sprites/Ken/src/standKick01.uasset" 231
"../../../../../Users/akira/Documents/Unreal Projects/testProjects/RunNGunTest/Content/Game/Sprites/Ken/src/standKick02.uasset" 232
"../../../../../Users/akira/Documents/Unreal Projects/testProjects/RunNGunTest/Content/Game/Sprites/Ken/src/standPunch01.uasset" 233
"../../../../../Users/akira/Documents/Unreal Projects/testProjects/RunNGunTest/Content/Game/Sprites/Ken/src/standPunch02.uasset" 234
"../../../../../Users/akira/Documents/Unreal Projects/testProjects/RunNGunTest/Content/Game/Sprites/Ken/src/standPunch03.uasset" 235
"../../../../../Users/akira/Documents/Unreal Projects/testProjects/RunNGunTest/Content/Game/Sprites/Ken/src/tatsumakiEnd.uasset" 236
"../../../../../Users/akira/Documents/Unreal Projects/testProjects/RunNGunTest/Content/Game/Sprites/Ken/src/tatsumakiLoop.uasset" 237
"../../../../../Users/akira/Documents/Unreal Projects/testProjects/RunNGunTest/Content/Game/Sprites/Ken/src/tatsumakiStart.uasset" 238
"../../../../../Users/akira/Documents/Unreal Projects/testProjects/RunNGunTest/Content/Game/Sprites/Ryu/src/ryu_idle.uasset" 239
"../../../../../Users/akira/Documents/Unreal Projects/testProjects/RunNGunTest/Content/Game/Sprites/Ryu/src/ryu_walk.uasset" 240
"../../../../../Users/akira/Documents/Unreal Projects/testProjects/RunNGunTest/Content/Game/Sprites/Scenario/marioworld.uasset" 241
"../../../../../Users/akira/Documents/Unreal Projects/testProjects/RunNGunTest/Content/Game/Sprites/Scenario/marioworld_TileSet.uasset" 242
"../../../../../Users/akira/Documents/Unreal Projects/testProjects/RunNGunTest/Content/Game/Sprites/Scenario/scenario_01.uasset" 243
"../../../../../Users/akira/Documents/Unreal Projects/testProjects/RunNGunTest/Content/Game/Sprites/Scenario/scenario_01_TileSet.uasset" 244
"../../../../../Users/akira/Documents/Unreal Projects/testProjects/RunNGunTest/Content/Game/Tiles/TileMapScenario.uasset" 245
"../../../../../Users/akira/Documents/Unreal Projects/testProjects/RunNGunTest/Content/Game/Sprites/Scenario/Scenario.uasset" 246
"../../../Engine/Content/Animation/DefaultAnimCurveCompressionSettings.uasset" 247
"../../../Engine/Content/Functions/Engine_MaterialFunctions01/Opacity/CameraDepthFade.uasset" 248
"../../../Engine/Content/EngineMaterials/T_Default_Material_Grid_M.uasset" 249
"../../../Engine/Content/EngineMaterials/T_Default_Material_Grid_N.uasset" 250
"../../../Engine/Content/EngineMaterials/WorldGridMaterial.uasset" 251
"../../../Engine/Content/ArtTools/RenderToTexture/Meshes/S_1_Unit_Plane.uasset" 252
"../../../Engine/Content/EngineMaterials/DefaultMaterial.uasset" 253
"../../../Engine/Content/BasicShapes/Cone.uasset" 254
"../../../Engine/Content/BasicShapes/Cube.uasset" 255
"../../../Engine/Content/BasicShapes/Cylinder.uasset" 256
"../../../Engine/Content/BasicShapes/Plane.uasset" 257
"../../../Engine/Content/BasicShapes/Sphere.uasset" 258
"../../../Engine/Content/EditorLandscapeResources/DataLayer.uasset" 259
"../../../Engine/Content/EditorMaterials/MAT_Groups_Toggle.uasset" 260
"../../../Engine/Content/EditorMaterials/MAT_Groups_Visibility.uasset" 261
"../../../Engine/Content/EditorMaterials/PreviewShadowIndicator.uasset" 262
"../../../Engine/Content/EditorMaterials/PreviewShadowIndicatorMaterial.uasset" 263
"../../../Engine/Content/EditorMaterials/MatineeGroups/MAT_ColorTrack.uasset" 264
"../../../Engine/Content/EditorMaterials/MatineeGroups/MAT_Groups_Anim.uasset" 265
"../../../Engine/Content/EditorMaterials/MatineeGroups/MAT_Groups_AudioMaster.uasset" 266
"../../../Engine/Content/EditorMaterials/MatineeGroups/MAT_Groups_Director.uasset" 267
"../../../Engine/Content/EditorMaterials/MatineeGroups/MAT_Groups_Event.uasset" 268
"../../../Engine/Content/EditorMaterials/MatineeGroups/MAT_Groups_Fade.uasset" 269
"../../../Engine/Content/EditorMaterials/MatineeGroups/MAT_Groups_Float.uasset" 270
"../../../Engine/Content/EditorMaterials/MatineeGroups/MAT_Groups_Move.uasset" 271
"../../../Engine/Content/EditorMaterials/MatineeGroups/MAT_Groups_Slomo.uasset" 272
"../../../Engine/Content/EditorMaterials/MatineeGroups/MAT_Groups_Sound.uasset" 273
"../../../Engine/Content/EditorMaterials/MatineeGroups/MAT_Groups_Vector.uasset" 274
"../../../Engine/Content/EditorMaterials/ParticleSystems/PSysThumbnail_NoImage.uasset" 275
"../../../Engine/Content/EditorMaterials/ParticleSystems/PSysThumbnail_OOD.uasset" 276
"../../../Engine/Content/EditorMaterials/Camera/CineMat.uasset" 277
"../../../Engine/Content/EditorMaterials/Camera/MI_CineMat_Rig.uasset" 278
"../../../Engine/Content/EditorMeshes/Camera/SM_CraneRig_Arm.uasset" 279
"../../../Engine/Content/EditorMeshes/Camera/SM_CraneRig_Base.uasset" 280
"../../../Engine/Content/EditorMeshes/Camera/SM_CraneRig_Body.uasset" 281
"../../../Engine/Content/EditorMeshes/Camera/SM_CraneRig_Mount.uasset" 282
"../../../Engine/Content/EditorMeshes/Camera/SM_RailRig_Mount.uasset" 283
"../../../Engine/Content/EditorMeshes/Camera/SM_RailRig_Track.uasset" 284
"../../../Engine/Content/EditorResources/BSPVertex.uasset" 285
"../../../Engine/Content/EditorResources/S_Actor.uasset" 286
"../../../Engine/Content/EditorResources/S_Note.uasset" 287
"../../../Engine/Content/EditorResources/S_Solver.uasset" 288
"../../../Engine/Content/EditorResources/S_Trigger.uasset" 289
"../../../Engine/Content/EditorResources/SequenceRecorder/Countdown.uasset" 290
"../../../Engine/Content/EditorResources/SequenceRecorder/RecordingIndicator.uasset" 291
"../../../Engine/Content/EditorSounds/Notifications/CompileFailed.uasset" 292
"../../../Engine/Content/EditorSounds/Notifications/CompileFailed_Cue.uasset" 293
"../../../Engine/Content/EditorSounds/Notifications/CompileSuccess.uasset" 294
"../../../Engine/Content/EditorSounds/Notifications/CompileStart_Cue.uasset" 295
"../../../Engine/Content/EditorSounds/Notifications/CompileSuccess_Cue.uasset" 296
"../../../Engine/Content/EngineDamageTypes/DmgTypeBP_Environmental.uasset" 297
"../../../Engine/Content/EngineDebugMaterials/DebugEditorMaterial.uasset" 298
"../../../Engine/Content/EngineDebugMaterials/DebugMeshMaterial.uasset" 299
"../../../Engine/Content/EngineDebugMaterials/M_SimpleTranslucent.uasset" 300
"../../../Engine/Content/Functions/Engine_MaterialFunctions02/Utility/CameraDirectionVector.uasset" 301
"../../../Engine/Content/EngineDebugMaterials/VolumeToRender.uasset" 302
"../../../Engine/Content/EngineDebugMaterials/M_VolumeRenderSphereTracePP.uasset" 303
"../../../Engine/Content/EngineDebugMaterials/WireframeMaterial.uasset" 304
"../../../Engine/Content/EngineFonts/Faces/DroidSansFallback.uasset" 305
"../../../Engine/Content/EngineFonts/Faces/RobotoBold.uasset" 306
"../../../Engine/Content/EngineFonts/Faces/RobotoBoldItalic.uasset" 307
"../../../Engine/Content/EngineFonts/Faces/RobotoItalic.uasset" 308
"../../../Engine/Content/EngineFonts/Faces/RobotoLight.uasset" 309
"../../../Engine/Content/EngineFonts/Faces/RobotoRegular.uasset" 310
"../../../Engine/Content/EngineFonts/Roboto.uasset" 311
"../../../Engine/Content/EngineMaterials/BaseFlattenDiffuseMap.uasset" 312
"../../../Engine/Content/EngineMaterials/BaseFlattenEmissiveMap.uasset" 313
"../../../Engine/Content/EngineMaterials/BaseFlattenGrayscaleMap.uasset" 314
"../../../Engine/Content/EngineMaterials/BaseFlattenNormalMap.uasset" 315
"../../../Engine/Content/EngineMaterials/BaseFlattenMaterial.uasset" 316
"../../../Engine/Content/EngineMaterials/BlueNoise.uasset" 317
"../../../Engine/Content/EngineMaterials/DefaultBloomKernel.uasset" 318
"../../../Engine/Content/EngineMaterials/DefaultBokeh.uasset" 319
"../../../Engine/Content/EngineMaterials/DefaultDiffuse.uasset" 320
"../../../Engine/Content/EngineMaterials/DefaultDeferredDecalMaterial.uasset" 321
"../../../Engine/Content/EngineMaterials/DefaultLightFunctionMaterial.uasset" 322
"../../../Engine/Content/EngineMaterials/DefaultPhysicalMaterial.uasset" 323
"../../../Engine/Content/Functions/Engine_MaterialFunctions02/Utility/BreakOutFloat2Components.uasset" 324
"../../../Engine/Content/EngineMaterials/DefaultPostProcessMaterial.uasset" 325
"../../../Engine/Content/EngineFonts/RobotoDistanceField.uasset" 326
"../../../Engine/Content/EngineMaterials/DefaultTextMaterialOpaque.uasset" 327
"../../../Engine/Content/EngineMaterials/DefaultVirtualTextureMaterial.uasset" 328
"../../../Engine/Content/EngineMaterials/DefaultWhiteGrid.uasset" 329
"../../../Engine/Content/EngineMaterials/DefaultWhiteGrid_Low.uasset" 330
"../../../Engine/Content/EngineMaterials/EmissiveMeshMaterial.uasset" 331
"../../../Engine/Content/EngineMaterials/GizmoMaterial.uasset" 332
"../../../Engine/Content/EngineMaterials/Good64x64TilingNoiseHighFreq.uasset" 333
"../../../Engine/Content/EngineMaterials/HairDefaultMaterial.uasset" 334
"../../../Engine/Content/EngineMaterials/MiniFont.uasset" 335
"../../../Engine/Content/EngineMaterials/InvalidLightmapSettings.uasset" 336
"../../../Engine/Content/EngineMaterials/M_InvalidLightmapSettings.uasset" 337
"../../../Engine/Content/Functions/Engine_MaterialFunctions02/WorldPositionOffset/CameraOffset.uasset" 338
"../../../Engine/Content/EngineMaterials/PhAT_JointLimitMaterial.uasset" 339
"../../../Engine/Content/EngineMaterials/PreintegratedSkinBRDF.uasset" 340
"../../../Engine/Content/EngineMaterials/RemoveSurfaceMaterial.uasset" 341
"../../../Engine/Content/EngineMaterials/WeightMapPlaceholderTexture.uasset" 342
"../../../Engine/Content/EngineResources/WhiteSquareTexture.uasset" 343
"../../../Engine/Content/EngineMaterials/Widget3DPassThrough.uasset" 344
"../../../Engine/Content/EngineMaterials/Widget3DPassThrough_Masked.uasset" 345
"../../../Engine/Content/EngineMaterials/Widget3DPassThrough_Opaque.uasset" 346
"../../../Engine/Content/EngineMaterials/Widget3DPassThrough_Masked_OneSided.uasset" 347
"../../../Engine/Content/EngineMaterials/Widget3DPassThrough_Opaque_OneSided.uasset" 348
"../../../Engine/Content/EngineMaterials/Widget3DPassThrough_Translucent.uasset" 349
"../../../Engine/Content/EngineMaterials/Widget3DPassThrough_Translucent_OneSided.uasset" 350
"../../../Engine/Content/EngineMeshes/Cylinder.uasset" 351
"../../../Engine/Content/EngineMeshes/Sphere.uasset" 352
"../../../Engine/Content/EngineResources/Black.uasset" 353
"../../../Engine/Content/EngineResources/DefaultTexture.uasset" 354
"../../../Engine/Content/EngineResources/DefaultTextureCube.uasset" 355
"../../../Engine/Content/EngineResources/DefaultVolumeTexture2D.uasset" 356
"../../../Engine/Content/EngineResources/DefaultVolumeTexture.uasset" 357
"../../../Engine/Content/EngineResources/GradientTexture0.uasset" 358
"../../../Engine/Content/EngineSounds/Master.uasset" 359
"../../../Engine/Content/Functions/Engine_MaterialFunctions01/Shading/ConvertFromDiffSpec.uasset" 360
"../../../Engine/Content/Functions/Engine_MaterialFunctions01/Shading/PowerToRoughness.uasset" 361
"../../../Engine/Content/Maps/Templates/Thumbnails/Default.uasset" 362
"../../../Engine/Content/Maps/Templates/Thumbnails/TimeOfDay.uasset" 363
"../../../Engine/Content/Maps/Templates/Thumbnails/VR-Basic.uasset" 364
"../../../Engine/Content/MobileResources/T_MobileControls_texture.uasset" 365
"../../../Engine/Content/MobileResources/T_MobileMenu2.uasset" 366
"../../../Engine/Content/MobileResources/HUD/AnalogHat.uasset" 367
"../../../Engine/Content/MobileResources/HUD/VirtualJoystick_Background.uasset" 368
"../../../Engine/Content/MobileResources/HUD/VirtualJoystick_Thumb.uasset" 369
"../../../Engine/Content/MobileResources/HUD/DefaultVirtualJoysticks.uasset" 370
"../../../Engine/Content/MobileResources/HUD/LeftVirtualJoystickOnly.uasset" 371
"../../../Engine/Content/MobileResources/HUD/MobileHUDButton1_off.uasset" 372
"../../../Engine/Content/MobileResources/HUD/MobileHUDButton1_on.uasset" 373
"../../../Engine/Content/MobileResources/HUD/MobileHUDButton2_off.uasset" 374
"../../../Engine/Content/MobileResources/HUD/MobileHUDButton2_on.uasset" 375
"../../../Engine/Content/MobileResources/HUD/MobileHUDButton3.uasset" 376
"../../../Engine/Content/MobileResources/HUD/MobileHUDButtonFire.uasset" 377
"../../../Engine/Content/MobileResources/HUD/MobileHUDDirectionPad.uasset" 378
"../../../Engine/Content/MobileResources/HUD/MobileHUDDirectionPad2.uasset" 379
"../../../Engine/Content/MobileResources/HUD/MobileHUDDirectionPad3.uasset" 380
"../../../Engine/Content/MobileResources/HUD/MobileHUDDirectionStick.uasset" 381
"../../../Engine/Content/MobileResources/HUD/T_Castle_ThumbstickInner.uasset" 382
"../../../Engine/Content/MobileResources/HUD/T_Castle_ThumbstickOutter.uasset" 383
"../../../Engine/Content/Tutorial/ContentIntroCurve.uasset" 384
"../../../Engine/Content/Tutorial/Basics/LevelEditorAttract.uasset" 385
"../../../Engine/Content/Tutorial/Basics/TutorialAssets/icon_tab_Levels_40x.uasset" 386
"../../../Engine/Content/Tutorial/Basics/LevelEditorOverview.uasset" 387
"../../../Engine/Content/Tutorial/BlueprintTutorials/TutorialAssets/Blueprint_64x.uasset" 388
"../../../Engine/Content/Tutorial/BlueprintTutorials/BlueprintEditorTutorial.uasset" 389
"../../../Engine/Content/Tutorial/BlueprintTutorials/LevelBlueprintEditorOverview.uasset" 390
"../../../Engine/Content/Tutorial/Code/AddingCode.uasset" 391
"../../../Engine/Content/Tutorial/Landscape/TutorialAssets/Landscape.uasset" 392
"../../../Engine/Content/Tutorial/Landscape/LandscapeWalkThrough.uasset" 393
"../../../Engine/Content/Tutorial/Landscape/Landscape_Manage_Mode.uasset" 394
"../../../Engine/Content/Tutorial/Landscape/Landscape_Painting_Mode.uasset" 395
"../../../Engine/Content/Tutorial/Landscape/Landscape_Sculpt_Mode.uasset" 396
"../../../Engine/Content/Tutorial/Paper2D/TutorialAssets/Paper2DFlipbook_TutorialIcon.uasset" 397
"../../../Engine/Content/Tutorial/Paper2D/FlipbookEditorTutorial.uasset" 398
"../../../Engine/Content/Tutorial/Paper2D/TutorialAssets/Paper2DSprite_TutorialIcon.uasset" 399
"../../../Engine/Content/Tutorial/Paper2D/SpriteEditorTutorial.uasset" 400
"../../../Engine/Content/Tutorial/SubEditors/MaterialEditorTutorial.uasset" 401
"../../../Engine/Content/Tutorial/SubEditors/ParticleSystemEditorTutorial.uasset" 402
"../../../Engine/Content/Tutorial/SubEditors/TutorialAssets/TutorialMaterial.uasset" 403
"../../../Engine/Content/Tutorial/SubEditors/TutorialAssets/T_SmokeSubUV_8X8.uasset" 404
"../../../Engine/Content/Tutorial/SubEditors/TutorialAssets/T_soft_smoke.uasset" 405
"../../../Engine/Content/Tutorial/SubEditors/TutorialAssets/M_smoke_subUV_blackbody.uasset" 406
"../../../Engine/Content/Tutorial/SubEditors/TutorialAssets/TutorialParticleSystem.uasset" 407
"../../../Engine/Content/VREditor/LaserPointer/VR_LaserPower_01.uasset" 408
"../../../Engine/Content/VREditor/TransformGizmo/TransformGizmoMaterial.uasset" 409
"../../../Engine/Content/VREditor/TransformGizmo/TranslucentTransformGizmoMaterial.uasset" 410
"../../../Engine/Content/VREditor/TransformGizmo/BoundingBoxCorner.uasset" 411
"../../../Engine/Content/VREditor/TransformGizmo/BoundingBoxEdge.uasset" 412
"../../../Engine/Content/VREditor/TransformGizmo/PlaneTranslationHandle.uasset" 413
"../../../Engine/Content/VREditor/TransformGizmo/Main.uasset" 414
"../../../Engine/Content/VREditor/TransformGizmo/Xray.uasset" 415
"../../../Engine/Content/VREditor/TransformGizmo/SM_Sequencer_Key.uasset" 416
"../../../Engine/Content/VREditor/TransformGizmo/SM_Sequencer_Node.uasset" 417
"../../Plugins/2D/Paper2D/Content/DummySprite.uasset" 418
"../../Plugins/2D/Paper2D/Content/DefaultPaperTerrainMaterial.uasset" 419
"../../Plugins/2D/Paper2D/Content/MaskedUnlitSpriteMaterial.uasset" 420
"../../../Engine/Content/Functions/Engine_MaterialFunctions02/Utility/BreakOutFloat4Components.uasset" 421
"../../../Engine/Content/Functions/Engine_MaterialFunctions02/Utility/MakeFloat2.uasset" 422
"../../../Engine/Content/Functions/Engine_MaterialFunctions02/Utility/MakeFloat3.uasset" 423
"../../Plugins/Runtime/Oculus/OculusVR/Content/Materials/OculusMR_ChromaKey.uasset" 424
"../../Plugins/Runtime/Oculus/OculusVR/Content/Materials/OculusMR_ChromaKey_Lit.uasset" 425
"../../Plugins/Runtime/Oculus/OculusVR/Content/Materials/OculusMR_OpaqueColoredMaterial.uasset" 426
"../../Plugins/Runtime/Oculus/OculusVR/Content/Materials/OculusMR_WhiteMaterial.uasset" 427
"../../../../../Users/akira/Documents/Unreal Projects/testProjects/RunNGunTest/Content/Game/Blueprints/FollowCamera_BP.uasset" 428
"../../../../../Users/akira/Documents/Unreal Projects/testProjects/RunNGunTest/Content/Game/Maps/level_00_BuiltData.uasset" 429
"../../../Engine/Content/MapTemplates/Bokeh_5Sides.uasset" 430
"../../../Engine/Content/MapTemplates/T_ScreenDirt02_w.uasset" 431
"../../../../../Users/akira/Documents/Unreal Projects/testProjects/RunNGunTest/Content/Game/Maps/level_00.umap" 432
"../../../Engine/Content/Maps/Entry_BuiltData.uasset" 433
"../../../Engine/Content/Maps/Entry.umap" 434
